<?xml version="1.0" encoding="UTF-8"?>
<!-- Generated by org.testng.reporters.JUnitReportReporter -->
<testsuite hostname="LTIN239342" failures="0" tests="2" name="testCases.TC_03_HotelBooking" time="19.013" errors="0" timestamp="2024-03-28T14:04:02 IST" skipped="0">
  <testcase classname="testCases.TC_03_HotelBooking" name="noOfAdults" time="8.931"/>
  <testcase classname="testCases.TC_03_HotelBooking" name="noOfAdults" time="10.082"/>
</testsuite> <!-- testCases.TC_03_HotelBooking -->
