<?xml version="1.0" encoding="UTF-8"?>
<!-- Generated by org.testng.reporters.JUnitReportReporter -->
<testsuite hostname="LTIN239342" failures="0" tests="8" name="testCases.TC_02_GiftCard" time="88.201" errors="0" timestamp="2024-03-28T14:04:02 IST" skipped="0">
  <testcase classname="testCases.TC_02_GiftCard" name="switchFrame" time="10.281"/>
  <testcase classname="testCases.TC_02_GiftCard" name="switchFrame" time="6.753"/>
  <testcase classname="testCases.TC_02_GiftCard" name="selectingGiftCard" time="12.027"/>
  <testcase classname="testCases.TC_02_GiftCard" name="selectingGiftCard" time="10.849"/>
  <testcase classname="testCases.TC_02_GiftCard" name="insertingData" time="11.555"/>
  <testcase classname="testCases.TC_02_GiftCard" name="insertingData" time="11.285"/>
  <testcase classname="testCases.TC_02_GiftCard" name="cpaturingErrorMessage" time="12.598"/>
  <testcase classname="testCases.TC_02_GiftCard" name="cpaturingErrorMessage" time="12.853"/>
</testsuite> <!-- testCases.TC_02_GiftCard -->
