<?xml version="1.0" encoding="UTF-8"?>
<!-- Generated by org.testng.reporters.JUnitReportReporter -->
<testsuite hostname="LTIN239342" failures="0" tests="6" name="testCases.TC_01_CabBooking" time="271.224" errors="0" timestamp="2024-03-28T14:04:02 IST" skipped="0">
  <testcase classname="testCases.TC_01_CabBooking" name="fillingDetails" time="28.352"/>
  <testcase classname="testCases.TC_01_CabBooking" name="fillingDetails" time="28.018"/>
  <testcase classname="testCases.TC_01_CabBooking" name="fillingDetails" time="30.884"/>
  <testcase classname="testCases.TC_01_CabBooking" name="fillingDetails" time="65.994"/>
  <testcase classname="testCases.TC_01_CabBooking" name="fillingDetails" time="29.340"/>
  <testcase classname="testCases.TC_01_CabBooking" name="fillingDetails" time="88.636"/>
</testsuite> <!-- testCases.TC_01_CabBooking -->
